app/build/intermediates/manifest_merge_blame_file/debug/manifest-merger-blame-debug-report.txt
1<?xml version="1.0" encoding="utf-8"?>
2<manifest xmlns:android="http://schemas.android.com/apk/res/android"
3    package="com.henan.learning"
4    android:versionCode="1"
5    android:versionName="1.0.0" >
6
7    <uses-sdk
8        android:minSdkVersion="26"
9        android:targetSdkVersion="34" />
10
11    <!-- 通知权限 -->
12    <uses-permission android:name="android.permission.POST_NOTIFICATIONS" />
12-->src/main/AndroidManifest.xml:6:5-77
12-->src/main/AndroidManifest.xml:6:22-74
13    <uses-permission android:name="android.permission.RECEIVE_BOOT_COMPLETED" />
13-->src/main/AndroidManifest.xml:7:5-81
13-->src/main/AndroidManifest.xml:7:22-78
14    <uses-permission android:name="android.permission.VIBRATE" />
14-->src/main/AndroidManifest.xml:8:5-66
14-->src/main/AndroidManifest.xml:8:22-63
15    <uses-permission android:name="android.permission.SCHEDULE_EXACT_ALARM" />
15-->src/main/AndroidManifest.xml:9:5-79
15-->src/main/AndroidManifest.xml:9:22-76
16
17    <permission
17-->[androidx.core:core:1.12.0] AndroidManifest.xml:22:5-24:47
18        android:name="com.henan.learning.DYNAMIC_RECEIVER_NOT_EXPORTED_PERMISSION"
18-->[androidx.core:core:1.12.0] AndroidManifest.xml:23:9-81
19        android:protectionLevel="signature" />
19-->[androidx.core:core:1.12.0] AndroidManifest.xml:24:9-44
20
21    <uses-permission android:name="com.henan.learning.DYNAMIC_RECEIVER_NOT_EXPORTED_PERMISSION" />
21-->[androidx.core:core:1.12.0] AndroidManifest.xml:26:5-97
21-->[androidx.core:core:1.12.0] AndroidManifest.xml:26:22-94
22
23    <application
23-->src/main/AndroidManifest.xml:11:5-41:19
24        android:name="com.henan.learning.HenanLearningApp"
24-->src/main/AndroidManifest.xml:12:9-41
25        android:allowBackup="true"
25-->src/main/AndroidManifest.xml:13:9-35
26        android:appComponentFactory="androidx.core.app.CoreComponentFactory"
26-->[androidx.core:core:1.12.0] AndroidManifest.xml:28:18-86
27        android:debuggable="true"
28        android:extractNativeLibs="false"
29        android:icon="@mipmap/ic_launcher"
29-->src/main/AndroidManifest.xml:14:9-43
30        android:label="@string/app_name"
30-->src/main/AndroidManifest.xml:15:9-41
31        android:roundIcon="@mipmap/ic_launcher_round"
31-->src/main/AndroidManifest.xml:16:9-54
32        android:supportsRtl="true"
32-->src/main/AndroidManifest.xml:17:9-35
33        android:theme="@style/Theme.HenanLearning" >
33-->src/main/AndroidManifest.xml:18:9-51
34        <activity
34-->src/main/AndroidManifest.xml:21:9-29:20
35            android:name="com.henan.learning.MainActivity"
35-->src/main/AndroidManifest.xml:22:13-41
36            android:exported="true"
36-->src/main/AndroidManifest.xml:23:13-36
37            android:theme="@style/Theme.HenanLearning" >
37-->src/main/AndroidManifest.xml:24:13-55
38            <intent-filter>
38-->src/main/AndroidManifest.xml:25:13-28:29
39                <action android:name="android.intent.action.MAIN" />
39-->src/main/AndroidManifest.xml:26:17-69
39-->src/main/AndroidManifest.xml:26:25-66
40
41                <category android:name="android.intent.category.LAUNCHER" />
41-->src/main/AndroidManifest.xml:27:17-77
41-->src/main/AndroidManifest.xml:27:27-74
42            </intent-filter>
43        </activity>
44
45        <!-- 开机自启 -->
46        <receiver
46-->src/main/AndroidManifest.xml:32:9-39:20
47            android:name="com.henan.learning.BootReceiver"
47-->src/main/AndroidManifest.xml:33:13-41
48            android:enabled="true"
48-->src/main/AndroidManifest.xml:34:13-35
49            android:exported="true" >
49-->src/main/AndroidManifest.xml:35:13-36
50            <intent-filter>
50-->src/main/AndroidManifest.xml:36:13-38:29
51                <action android:name="android.intent.action.BOOT_COMPLETED" />
51-->src/main/AndroidManifest.xml:37:17-79
51-->src/main/AndroidManifest.xml:37:25-76
52            </intent-filter>
53        </receiver>
54
55        <activity
55-->[androidx.compose.ui:ui-test-manifest:1.6.0] AndroidManifest.xml:23:9-25:39
56            android:name="androidx.activity.ComponentActivity"
56-->[androidx.compose.ui:ui-test-manifest:1.6.0] AndroidManifest.xml:24:13-63
57            android:exported="true" />
57-->[androidx.compose.ui:ui-test-manifest:1.6.0] AndroidManifest.xml:25:13-36
58        <activity
58-->[androidx.compose.ui:ui-tooling-android:1.6.0] AndroidManifest.xml:23:9-25:39
59            android:name="androidx.compose.ui.tooling.PreviewActivity"
59-->[androidx.compose.ui:ui-tooling-android:1.6.0] AndroidManifest.xml:24:13-71
60            android:exported="true" />
60-->[androidx.compose.ui:ui-tooling-android:1.6.0] AndroidManifest.xml:25:13-36
61
62        <provider
62-->[androidx.emoji2:emoji2:1.3.0] AndroidManifest.xml:24:9-32:20
63            android:name="androidx.startup.InitializationProvider"
63-->[androidx.emoji2:emoji2:1.3.0] AndroidManifest.xml:25:13-67
64            android:authorities="com.henan.learning.androidx-startup"
64-->[androidx.emoji2:emoji2:1.3.0] AndroidManifest.xml:26:13-68
65            android:exported="false" >
65-->[androidx.emoji2:emoji2:1.3.0] AndroidManifest.xml:27:13-37
66            <meta-data
66-->[androidx.emoji2:emoji2:1.3.0] AndroidManifest.xml:29:13-31:52
67                android:name="androidx.emoji2.text.EmojiCompatInitializer"
67-->[androidx.emoji2:emoji2:1.3.0] AndroidManifest.xml:30:17-75
68                android:value="androidx.startup" />
68-->[androidx.emoji2:emoji2:1.3.0] AndroidManifest.xml:31:17-49
69            <meta-data
69-->[androidx.lifecycle:lifecycle-process:2.7.0] AndroidManifest.xml:29:13-31:52
70                android:name="androidx.lifecycle.ProcessLifecycleInitializer"
70-->[androidx.lifecycle:lifecycle-process:2.7.0] AndroidManifest.xml:30:17-78
71                android:value="androidx.startup" />
71-->[androidx.lifecycle:lifecycle-process:2.7.0] AndroidManifest.xml:31:17-49
72            <meta-data
72-->[androidx.profileinstaller:profileinstaller:1.3.0] AndroidManifest.xml:29:13-31:52
73                android:name="androidx.profileinstaller.ProfileInstallerInitializer"
73-->[androidx.profileinstaller:profileinstaller:1.3.0] AndroidManifest.xml:30:17-85
74                android:value="androidx.startup" />
74-->[androidx.profileinstaller:profileinstaller:1.3.0] AndroidManifest.xml:31:17-49
75        </provider>
76
77        <receiver
77-->[androidx.profileinstaller:profileinstaller:1.3.0] AndroidManifest.xml:34:9-52:20
78            android:name="androidx.profileinstaller.ProfileInstallReceiver"
78-->[androidx.profileinstaller:profileinstaller:1.3.0] AndroidManifest.xml:35:13-76
79            android:directBootAware="false"
79-->[androidx.profileinstaller:profileinstaller:1.3.0] AndroidManifest.xml:36:13-44
80            android:enabled="true"
80-->[androidx.profileinstaller:profileinstaller:1.3.0] AndroidManifest.xml:37:13-35
81            android:exported="true"
81-->[androidx.profileinstaller:profileinstaller:1.3.0] AndroidManifest.xml:38:13-36
82            android:permission="android.permission.DUMP" >
82-->[androidx.profileinstaller:profileinstaller:1.3.0] AndroidManifest.xml:39:13-57
83            <intent-filter>
83-->[androidx.profileinstaller:profileinstaller:1.3.0] AndroidManifest.xml:40:13-42:29
84                <action android:name="androidx.profileinstaller.action.INSTALL_PROFILE" />
84-->[androidx.profileinstaller:profileinstaller:1.3.0] AndroidManifest.xml:41:17-91
84-->[androidx.profileinstaller:profileinstaller:1.3.0] AndroidManifest.xml:41:25-88
85            </intent-filter>
86            <intent-filter>
86-->[androidx.profileinstaller:profileinstaller:1.3.0] AndroidManifest.xml:43:13-45:29
87                <action android:name="androidx.profileinstaller.action.SKIP_FILE" />
87-->[androidx.profileinstaller:profileinstaller:1.3.0] AndroidManifest.xml:44:17-85
87-->[androidx.profileinstaller:profileinstaller:1.3.0] AndroidManifest.xml:44:25-82
88            </intent-filter>
89            <intent-filter>
89-->[androidx.profileinstaller:profileinstaller:1.3.0] AndroidManifest.xml:46:13-48:29
90                <action android:name="androidx.profileinstaller.action.SAVE_PROFILE" />
90-->[androidx.profileinstaller:profileinstaller:1.3.0] AndroidManifest.xml:47:17-88
90-->[androidx.profileinstaller:profileinstaller:1.3.0] AndroidManifest.xml:47:25-85
91            </intent-filter>
92            <intent-filter>
92-->[androidx.profileinstaller:profileinstaller:1.3.0] AndroidManifest.xml:49:13-51:29
93                <action android:name="androidx.profileinstaller.action.BENCHMARK_OPERATION" />
93-->[androidx.profileinstaller:profileinstaller:1.3.0] AndroidManifest.xml:50:17-95
93-->[androidx.profileinstaller:profileinstaller:1.3.0] AndroidManifest.xml:50:25-92
94            </intent-filter>
95        </receiver>
96    </application>
97
98</manifest>